[Wed Apr 15 12:56:02 2026] [INFO] Chat server started....

[Wed Apr 15 12:56:53 2026] [INFO] Chat server started....

[Wed Apr 15 12:59:24 2026] [INFO] Chat server started....

[Wed Apr 15 13:03:17 2026] [INFO] Chat server started....

[Wed Apr 15 13:03:34 2026] [DEBUG] EPTED] Client socket: 
[Wed Apr 15 13:06:33 2026] [INFO] Chat server started....

[Wed Apr 15 13:06:37 2026] [DEBUG] [ACCEPTED] Client socket: 4
[Wed Apr 15 13:12:38 2026] [INFO] Chat server started....

[Wed Apr 15 13:12:45 2026] [DEBUG] [ACCEPTED] Client socket: 4
[Wed Apr 15 13:12:45 2026] [DEBUG] [NEW CONNECTION] Socket: 4
[Wed Apr 15 13:12:46 2026] [INFO] [USER CONNECTED] adesh
[Wed Apr 15 13:12:48 2026] [INFO] [MESSAGE] adesh: hi
[Wed Apr 15 13:15:19 2026] [INFO] [DISCONNECTED] adesh
[Wed Apr 15 13:15:34 2026] [INFO] Chat server started....

[Wed Apr 15 13:15:40 2026] [INFO] [USER CONNECTED] adesh
[Wed Apr 15 13:15:48 2026] [INFO] [MESSAGE] adesh: hii
[Wed Apr 15 13:15:57 2026] [INFO] [DISCONNECTED] adesh
[Wed Apr 15 13:37:16 2026] [INFO] Chat server started....

[Wed Apr 15 13:37:38 2026] [INFO] [USER CONNECTED] adesh
[Wed Apr 15 13:37:42 2026] [INFO] [USER CONNECTED] kunal
[Wed Apr 15 13:37:45 2026] [INFO] [MESSAGE] kunal: hii adesh
[Wed Apr 15 13:37:51 2026] [INFO] [MESSAGE] adesh: hi kunal
[Wed Apr 15 13:38:05 2026] [INFO] [USER DISCONNECTED] kunal
[Wed Apr 15 13:38:14 2026] [INFO] [USER DISCONNECTED] adesh
[Wed Apr 15 14:10:09 2026] [INFO] Chat server started....

[Wed Apr 15 14:10:10 2026] [INFO] Socket created
[Wed Apr 15 14:10:10 2026] [INFO] Connected to server (127.0.0.1:8083)
[Wed Apr 15 14:10:22 2026] [INFO] [USER CONNECTED] hii
[Wed Apr 15 14:10:47 2026] [INFO] [USER DISCONNECTED] hii
